deployment.apps/registry unchanged
persistentvolumeclaim/registry unchanged
service/registry unchanged

+ kubectl version
Client Version: version.Info{Major:"1", Minor:"23", GitVersion:"v1.23.1", GitCommit:"86ec240af8cbd1b60bcc4c03c20da9b98005b92e", GitTreeState:"clean", BuildDate:"2021-12-16T11:33:37Z", GoVersion:"go1.17.5", Compiler:"gc", Platform:"darwin/amd64"}
Server Version: version.Info{Major:"1", Minor:"22", GitVersion:"v1.22.5", GitCommit:"5c99e2ac2ff9a3c549d9ca665e7bc05a3e18f07e", GitTreeState:"clean", BuildDate:"2021-12-16T08:32:32Z", GoVersion:"go1.16.12", Compiler:"gc", Platform:"linux/amd64"}
+ kubectl run kaniko --restart=Never --image=gcr.io/kaniko-project/executor:debug -- --log-format=text --verbosity=trace --log-timestamp --context=git://github.com/arve0/kaniko-repro --insecure-registry=registry.default --destination=registry.default/arve0/kaniko-repro --force
pod/kaniko created
+ set +x
..........
+ kubectl logs -f kaniko
time="2022-02-08T19:55:32Z" level=debug msg="Getting source context from git://github.com/arve0/kaniko-repro"
time="2022-02-08T19:55:32Z" level=debug msg="Getting source from reference "
Enumerating objects: 3, done.
Counting objects:  33% (1/3)Counting objects:  66% (2/3)Counting objects: 100% (3/3)Counting objects: 100% (3/3), done.
Total 3 (delta 0), reused 3 (delta 0), pack-reused 0
time="2022-02-08T19:55:33Z" level=debug msg="Build context located at /kaniko/buildcontext/"
time="2022-02-08T19:55:33Z" level=debug msg="Copying file /kaniko/buildcontext/Dockerfile to /kaniko/Dockerfile"
time="2022-02-08T19:55:33Z" level=trace msg="Adding /var/run to initialIgnoreList "
time="2022-02-08T19:55:33Z" level=warning msg="kaniko is being run outside of a container. This can have dangerous effects on your system"
SIGABRT: abort
PC=0x466420 m=0 sigcode=0

goroutine 0 [idle]:
runtime.epollwait(0x7ffc00000004, 0x7ffc1a679fe0, 0x137a00000080, 0x0, 0x137a, 0x0, 0x0, 0x0, 0x7ffc1a67a4d0, 0x0, ...)
	/usr/local/go/src/runtime/sys_linux_amd64.s:705 +0x20
runtime.netpoll(0x1293a39bb, 0x1)
	/usr/local/go/src/runtime/netpoll_epoll.go:119 +0x92
runtime.findrunnable(0xc000056000, 0x0)
	/usr/local/go/src/runtime/proc.go:2376 +0x72b
runtime.schedule()
	/usr/local/go/src/runtime/proc.go:2573 +0x2fc
runtime.park_m(0xc00018a480)
	/usr/local/go/src/runtime/proc.go:2743 +0x9d
runtime.mcall(0x0)
	/usr/local/go/src/runtime/asm_amd64.s:318 +0x5b

goroutine 1 [select]:
net/http.(*Transport).getConn(0xc0000fb900, 0xc0002b6480, 0x0, 0xc00046ef60, 0x5, 0xc00046efa0, 0x14, 0x0, 0x0, 0x0, ...)
	/usr/local/go/src/net/http/transport.go:1350 +0x585
net/http.(*Transport).roundTrip(0xc0000fb900, 0xc0001f4200, 0xc00083ef20, 0x44f6df, 0x20)
	/usr/local/go/src/net/http/transport.go:569 +0x7b6
net/http.(*Transport).RoundTrip(0xc0000fb900, 0xc0001f4200, 0x44f09f, 0xc00083f190, 0xe5d840)
	/usr/local/go/src/net/http/roundtrip.go:17 +0x35
github.com/google/go-containerregistry/pkg/v1/remote/transport.(*retryTransport).RoundTrip.func1(0x3486fc0, 0x44ec00)
	/go/src/github.com/GoogleContainerTools/kaniko/vendor/github.com/google/go-containerregistry/pkg/v1/remote/transport/retry.go:83 +0x51
github.com/google/go-containerregistry/pkg/internal/retry.Retry.func1(0x0, 0x0, 0x8)
	/go/src/github.com/GoogleContainerTools/kaniko/vendor/github.com/google/go-containerregistry/pkg/internal/retry/retry.go:68 +0x3c
github.com/google/go-containerregistry/pkg/internal/retry/wait.ExponentialBackoff(0x5f5e100, 0x4008000000000000, 0x3fb999999999999a, 0x5, 0x0, 0xc00083f000, 0x0, 0x0)
	/go/src/github.com/GoogleContainerTools/kaniko/vendor/github.com/google/go-containerregistry/pkg/internal/retry/wait/kubernetes_apimachinery_wait.go:114 +0x51
github.com/google/go-containerregistry/pkg/internal/retry.Retry(0xc00083f0a0, 0x207dc58, 0x5f5e100, 0x4008000000000000, 0x3fb999999999999a, 0x5, 0x0, 0x0, 0x0)
	/go/src/github.com/GoogleContainerTools/kaniko/vendor/github.com/google/go-containerregistry/pkg/internal/retry/retry.go:75 +0xa6
github.com/google/go-containerregistry/pkg/v1/remote/transport.(*retryTransport).RoundTrip(0xc0002b6440, 0xc0001f4200, 0x0, 0x0, 0x0)
	/go/src/github.com/GoogleContainerTools/kaniko/vendor/github.com/google/go-containerregistry/pkg/v1/remote/transport/retry.go:86 +0xf5
net/http.send(0xc0001f4200, 0x23a9d00, 0xc0002b6440, 0x0, 0x0, 0x0, 0xc0004426e8, 0x203000, 0x1, 0x0)
	/usr/local/go/src/net/http/client.go:252 +0x43e
net/http.(*Client).send(0xc0008e2000, 0xc0001f4200, 0x0, 0x0, 0x0, 0xc0004426e8, 0x0, 0x1, 0xc0001f4100)
	/usr/local/go/src/net/http/client.go:176 +0xfa
net/http.(*Client).do(0xc0008e2000, 0xc0001f4200, 0x0, 0x0, 0x0)
	/usr/local/go/src/net/http/client.go:699 +0x44a
net/http.(*Client).Do(...)
	/usr/local/go/src/net/http/client.go:567
github.com/google/go-containerregistry/pkg/v1/remote/transport.ping(0x23fed60, 0xc000050038, 0x1, 0x7ffc1a67bcab, 0x10, 0x23a9d00, 0xc0002b6440, 0x0, 0x0, 0x0)
	/go/src/github.com/GoogleContainerTools/kaniko/vendor/github.com/google/go-containerregistry/pkg/v1/remote/transport/ping.go:89 +0x373
github.com/google/go-containerregistry/pkg/v1/remote/transport.NewWithContext(0x23fed60, 0xc000050038, 0x7ffc1a67bc01, 0x7ffc1a67bcab, 0x10, 0x23a9940, 0x3484cc0, 0x23a9d00, 0xc0002b6440, 0xc000485590, ...)
	/go/src/github.com/GoogleContainerTools/kaniko/vendor/github.com/google/go-containerregistry/pkg/v1/remote/transport/transport.go:53 +0x8d
github.com/google/go-containerregistry/pkg/v1/remote/transport.New(...)
	/go/src/github.com/GoogleContainerTools/kaniko/vendor/github.com/google/go-containerregistry/pkg/v1/remote/transport/transport.go:32
github.com/google/go-containerregistry/pkg/v1/remote.CheckPushPermission(0x2408e20, 0xc000281cc0, 0x23a99a0, 0xc0003a47e0, 0x23a9d00, 0xc0002b6440, 0xc0002b6440, 0x0)
	/go/src/github.com/GoogleContainerTools/kaniko/vendor/github.com/google/go-containerregistry/pkg/v1/remote/check.go:27 +0x391
github.com/GoogleContainerTools/kaniko/pkg/executor.CheckPushPermissions(0x345a240, 0x3, 0xc00083fcf0)
	/go/src/github.com/GoogleContainerTools/kaniko/pkg/executor/push.go:151 +0x74a
github.com/GoogleContainerTools/kaniko/cmd/executor/cmd.glob..func2(0x34412c0, 0xc0006c97a0, 0x0, 0x7)
	/go/src/github.com/GoogleContainerTools/kaniko/cmd/executor/cmd/root.go:108 +0x82
github.com/spf13/cobra.(*Command).execute(0x34412c0, 0xc00004c090, 0x7, 0x7, 0x34412c0, 0xc00004c090)
	/go/src/github.com/GoogleContainerTools/kaniko/vendor/github.com/spf13/cobra/command.go:846 +0x29d
github.com/spf13/cobra.(*Command).ExecuteC(0x34412c0, 0xd, 0xc0006f9ef0, 0x0)
	/go/src/github.com/GoogleContainerTools/kaniko/vendor/github.com/spf13/cobra/command.go:950 +0x349
github.com/spf13/cobra.(*Command).Execute(...)
	/go/src/github.com/GoogleContainerTools/kaniko/vendor/github.com/spf13/cobra/command.go:887
main.main()
	/go/src/github.com/GoogleContainerTools/kaniko/cmd/executor/main.go:31 +0x72

goroutine 8 [select]:
go.opencensus.io/stats/view.(*worker).start(0xc000513c70)
	/go/src/github.com/GoogleContainerTools/kaniko/vendor/go.opencensus.io/stats/view/worker.go:154 +0x100
created by go.opencensus.io/stats/view.init.0
	/go/src/github.com/GoogleContainerTools/kaniko/vendor/go.opencensus.io/stats/view/worker.go:32 +0x57

goroutine 9 [chan receive]:
k8s.io/klog/v2.(*loggingT).flushDaemon(0x3459880)
	/go/src/github.com/GoogleContainerTools/kaniko/vendor/k8s.io/klog/v2/klog.go:1169 +0x8b
created by k8s.io/klog/v2.init.0
	/go/src/github.com/GoogleContainerTools/kaniko/vendor/k8s.io/klog/v2/klog.go:417 +0xdd

goroutine 34 [IO wait]:
internal/poll.runtime_pollWait(0x7f4c34164d58, 0x77, 0xc00018b680)
	/usr/local/go/src/runtime/netpoll.go:203 +0x55
internal/poll.(*pollDesc).wait(0xc00004d318, 0x77, 0x23fed00, 0xc0000276e0, 0xc00004d300)
	/usr/local/go/src/internal/poll/fd_poll_runtime.go:87 +0x45
internal/poll.(*pollDesc).waitWrite(...)
	/usr/local/go/src/internal/poll/fd_poll_runtime.go:96
internal/poll.(*FD).WaitWrite(...)
	/usr/local/go/src/internal/poll/fd_unix.go:498
net.(*netFD).connect(0xc00004d300, 0x23feda0, 0xc0000276e0, 0x0, 0x0, 0x23ac900, 0xc00046f1c0, 0x0, 0x0, 0x0, ...)
	/usr/local/go/src/net/fd_unix.go:152 +0x257
net.(*netFD).dial(0xc00004d300, 0x23feda0, 0xc0000276e0, 0x240e160, 0x0, 0x240e160, 0xc0008e2630, 0x0, 0x1, 0xc000073438)
	/usr/local/go/src/net/sock_posix.go:149 +0xff
net.socket(0x23feda0, 0xc0000276e0, 0x1f92468, 0x3, 0x2, 0x1, 0x0, 0x0, 0x240e160, 0x0, ...)
	/usr/local/go/src/net/sock_posix.go:70 +0x1c0
net.internetSocket(0x23feda0, 0xc0000276e0, 0x1f92468, 0x3, 0x240e160, 0x0, 0x240e160, 0xc0008e2630, 0x1, 0x0, ...)
	/usr/local/go/src/net/ipsock_posix.go:141 +0x141
net.(*sysDialer).doDialTCP(0xc00004d280, 0x23feda0, 0xc0000276e0, 0x0, 0xc0008e2630, 0x1ce6320, 0x34850d0, 0x0)
	/usr/local/go/src/net/tcpsock_posix.go:65 +0xc2
net.(*sysDialer).dialTCP(0xc00004d280, 0x23feda0, 0xc0000276e0, 0x0, 0xc0008e2630, 0x1f9233c, 0x3, 0x10)
	/usr/local/go/src/net/tcpsock_posix.go:61 +0xd7
net.(*sysDialer).dialSingle(0xc00004d280, 0x23feda0, 0xc0000276e0, 0x23c7ea0, 0xc0008e2630, 0x0, 0x0, 0x0, 0x0)
	/usr/local/go/src/net/dial.go:581 +0x60a
net.(*sysDialer).dialSerial(0xc00004d280, 0x23feda0, 0xc0000276e0, 0xc0004858e0, 0x1, 0x1, 0x0, 0x0, 0x0, 0x0)
	/usr/local/go/src/net/dial.go:549 +0x14f
net.(*Dialer).DialContext(0xc00007e240, 0x23fed60, 0xc000050038, 0x1f92468, 0x3, 0xc00046efa0, 0x14, 0x0, 0x0, 0x0, ...)
	/usr/local/go/src/net/dial.go:426 +0x6d8
net/http.(*Transport).dial(0xc0000fb900, 0x23fed60, 0xc000050038, 0x1f92468, 0x3, 0xc00046efa0, 0x14, 0x0, 0x4, 0x33d5360, ...)
	/usr/local/go/src/net/http/transport.go:1144 +0x1f5
net/http.(*Transport).dialConn(0xc0000fb900, 0x23fed60, 0xc000050038, 0x0, 0xc00046ef60, 0x5, 0xc00046efa0, 0x14, 0x0, 0xc0004ba000, ...)
	/usr/local/go/src/net/http/transport.go:1578 +0x19ee
net/http.(*Transport).dialConnFor(0xc0000fb900, 0xc00085ef20)
	/usr/local/go/src/net/http/transport.go:1424 +0xc6
created by net/http.(*Transport).queueForDial
	/usr/local/go/src/net/http/transport.go:1393 +0x3fe

goroutine 40 [select]:
net.(*netFD).connect.func2(0x23feda0, 0xc0000276e0, 0xc00004d300, 0xc000054960, 0xc000054900)
	/usr/local/go/src/net/fd_unix.go:129 +0xba
created by net.(*netFD).connect
	/usr/local/go/src/net/fd_unix.go:128 +0x22f

goroutine 29 [IO wait]:
internal/poll.runtime_pollWait(0x7f4c34164f18, 0x72, 0xffffffffffffffff)
	/usr/local/go/src/runtime/netpoll.go:203 +0x55
internal/poll.(*pollDesc).wait(0xc000511e18, 0x72, 0xe00, 0xe04, 0xffffffffffffffff)
	/usr/local/go/src/internal/poll/fd_poll_runtime.go:87 +0x45
internal/poll.(*pollDesc).waitRead(...)
	/usr/local/go/src/internal/poll/fd_poll_runtime.go:92
internal/poll.(*FD).Read(0xc000511e00, 0xc00087e000, 0xe04, 0xe04, 0x0, 0x0, 0x0)
	/usr/local/go/src/internal/poll/fd_unix.go:169 +0x19b
net.(*netFD).Read(0xc000511e00, 0xc00087e000, 0xe04, 0xe04, 0x203000, 0x63cfb0, 0xc00069e138)
	/usr/local/go/src/net/fd_unix.go:202 +0x4f
net.(*conn).Read(0xc000442480, 0xc00087e000, 0xe04, 0xe04, 0x0, 0x0, 0x0)
	/usr/local/go/src/net/net.go:184 +0x8e
crypto/tls.(*atLeastReader).Read(0xc000148e60, 0xc00087e000, 0xe04, 0xe04, 0x218, 0xdff, 0xc0007cd9c0)
	/usr/local/go/src/crypto/tls/conn.go:760 +0x60
bytes.(*Buffer).ReadFrom(0xc00069e258, 0x23a82e0, 0xc000148e60, 0x40a415, 0x1d089a0, 0x1f10da0)
	/usr/local/go/src/bytes/buffer.go:204 +0xb1
crypto/tls.(*Conn).readFromUntil(0xc00069e000, 0x23ac360, 0xc000442480, 0x5, 0xc000442480, 0x207)
	/usr/local/go/src/crypto/tls/conn.go:782 +0xec
crypto/tls.(*Conn).readRecordOrCCS(0xc00069e000, 0x0, 0x0, 0xc000148d60)
	/usr/local/go/src/crypto/tls/conn.go:589 +0x115
crypto/tls.(*Conn).readRecord(...)
	/usr/local/go/src/crypto/tls/conn.go:557
crypto/tls.(*Conn).Read(0xc00069e000, 0xc00002c000, 0x1000, 0x1000, 0x0, 0x0, 0x0)
	/usr/local/go/src/crypto/tls/conn.go:1233 +0x15b
bufio.(*Reader).Read(0xc0007e3560, 0xc0004808f8, 0x9, 0x9, 0xc0007e3b00, 0xc0007cdd38, 0x2080400)
	/usr/local/go/src/bufio/bufio.go:226 +0x24f
io.ReadAtLeast(0x23a8040, 0xc0007e3560, 0xc0004808f8, 0x9, 0x9, 0x9, 0xc000484250, 0xc00007a040, 0x0)
	/usr/local/go/src/io/io.go:310 +0x87
io.ReadFull(...)
	/usr/local/go/src/io/io.go:329
net/http.http2readFrameHeader(0xc0004808f8, 0x9, 0x9, 0x23a8040, 0xc0007e3560, 0x0, 0x0, 0xc000136b70, 0x0)
	/usr/local/go/src/net/http/h2_bundle.go:1479 +0x87
net/http.(*http2Framer).ReadFrame(0xc0004808c0, 0xc000136b70, 0x0, 0x0, 0x0)
	/usr/local/go/src/net/http/h2_bundle.go:1737 +0xa1
net/http.(*http2clientConnReadLoop).run(0xc0007cdfa8, 0xc0000647b0, 0x7057b2)
	/usr/local/go/src/net/http/h2_bundle.go:8263 +0x8d
net/http.(*http2ClientConn).readLoop(0xc00018ac00)
	/usr/local/go/src/net/http/h2_bundle.go:8191 +0x6f
created by net/http.(*http2Transport).newClientConn
	/usr/local/go/src/net/http/h2_bundle.go:7176 +0x660

rax    0xfffffffffffffffc
rbx    0x137a
rcx    0x466420
rdx    0x80
rdi    0x4
rsi    0x7ffc1a679fe0
rbp    0x7ffc1a67a5e0
rsp    0x7ffc1a679f90
r8     0x0
r9     0x1
r10    0x137a
r11    0x246
r12    0x3
r13    0x3459f20
r14    0xc000054900
r15    0x55
rip    0x466420
rflags 0x246
cs     0x33
fs     0x0
gs     0x0
+ cleanup
+ kubectl delete pod kaniko
pod "kaniko" deleted
